

*******************************************************************************
Mon May  5 10:11:00 2014


FIT:    data read from 'tmp/dat_208.dat' using 1:2
        format = x:z
        x range restricted to [-0.100000 : 4.10000]
        #datapoints = 5
        residuals are weighted equally (unit weight)

function used for fitting: g(x)
fitted parameters initialized with current variable values

iter      chisq       delta/lim  lambda   m             a            
   0 6.7809556361e+00   0.00e+00  1.51e+00    1.000000e+00   1.000000e+00
   8 2.7162077200e-05  -1.23e-05  1.51e-08    3.640530e-01   3.300971e+00

After 8 iterations the fit converged.
final sum of squares of residuals : 2.71621e-05
rel. change during last iteration : -1.23045e-10

degrees of freedom    (FIT_NDF)                        : 3
rms of residuals      (FIT_STDFIT) = sqrt(WSSR/ndf)    : 0.00300899
variance of residuals (reduced chisquare) = WSSR/ndf   : 9.05403e-06

Final set of parameters            Asymptotic Standard Error
=======================            ==========================
m               = 0.364053         +/- 0.0032       (0.8789%)
a               = 3.30097          +/- 0.1111       (3.367%)

correlation matrix of the fit parameters:
                m      a      
m               1.000 
a               0.816  1.000 


*******************************************************************************
Mon May  5 10:14:20 2014


FIT:    data read from 'tmp/dat_643.dat' using 1:2
        format = x:z
        x range restricted to [-0.100000 : 4.10000]
        #datapoints = 5
        residuals are weighted equally (unit weight)

function used for fitting: g(x)
fitted parameters initialized with current variable values

iter      chisq       delta/lim  lambda   m             a            
   0 6.7809556361e+00   0.00e+00  1.51e+00    1.000000e+00   1.000000e+00
   8 2.7162077200e-05  -1.23e-05  1.51e-08    3.640530e-01   3.300971e+00

After 8 iterations the fit converged.
final sum of squares of residuals : 2.71621e-05
rel. change during last iteration : -1.23045e-10

degrees of freedom    (FIT_NDF)                        : 3
rms of residuals      (FIT_STDFIT) = sqrt(WSSR/ndf)    : 0.00300899
variance of residuals (reduced chisquare) = WSSR/ndf   : 9.05403e-06

Final set of parameters            Asymptotic Standard Error
=======================            ==========================
m               = 0.364053         +/- 0.0032       (0.8789%)
a               = 3.30097          +/- 0.1111       (3.367%)

correlation matrix of the fit parameters:
                m      a      
m               1.000 
a               0.816  1.000 


*******************************************************************************
Mon May  5 10:16:19 2014


FIT:    data read from 'tmp/dat_232.dat' using 1:2
        format = x:z
        x range restricted to [-0.100000 : 4.10000]
        #datapoints = 5
        residuals are weighted equally (unit weight)

function used for fitting: g(x)
fitted parameters initialized with current variable values

iter      chisq       delta/lim  lambda   m             a            
   0 6.7809556361e+00   0.00e+00  1.51e+00    1.000000e+00   1.000000e+00
   8 2.7162077200e-05  -1.23e-05  1.51e-08    3.640530e-01   3.300971e+00

After 8 iterations the fit converged.
final sum of squares of residuals : 2.71621e-05
rel. change during last iteration : -1.23045e-10

degrees of freedom    (FIT_NDF)                        : 3
rms of residuals      (FIT_STDFIT) = sqrt(WSSR/ndf)    : 0.00300899
variance of residuals (reduced chisquare) = WSSR/ndf   : 9.05403e-06

Final set of parameters            Asymptotic Standard Error
=======================            ==========================
m               = 0.364053         +/- 0.0032       (0.8789%)
a               = 3.30097          +/- 0.1111       (3.367%)

correlation matrix of the fit parameters:
                m      a      
m               1.000 
a               0.816  1.000 


*******************************************************************************
Mon May  5 10:17:19 2014


FIT:    data read from 'tmp/dat_349.dat' using 1:2
        format = x:z
        x range restricted to [-0.100000 : 4.10000]
        #datapoints = 5
        residuals are weighted equally (unit weight)

function used for fitting: g(x)
fitted parameters initialized with current variable values

iter      chisq       delta/lim  lambda   m             a            
   0 6.7809556361e+00   0.00e+00  1.51e+00    1.000000e+00   1.000000e+00
   8 2.7162077200e-05  -1.23e-05  1.51e-08    3.640530e-01   3.300971e+00

After 8 iterations the fit converged.
final sum of squares of residuals : 2.71621e-05
rel. change during last iteration : -1.23045e-10

degrees of freedom    (FIT_NDF)                        : 3
rms of residuals      (FIT_STDFIT) = sqrt(WSSR/ndf)    : 0.00300899
variance of residuals (reduced chisquare) = WSSR/ndf   : 9.05403e-06

Final set of parameters            Asymptotic Standard Error
=======================            ==========================
m               = 0.364053         +/- 0.0032       (0.8789%)
a               = 3.30097          +/- 0.1111       (3.367%)

correlation matrix of the fit parameters:
                m      a      
m               1.000 
a               0.816  1.000 


*******************************************************************************
Mon May  5 10:17:35 2014


FIT:    data read from 'tmp/dat_195.dat' using 1:2
        format = x:z
        x range restricted to [-0.100000 : 4.10000]
        #datapoints = 5
        residuals are weighted equally (unit weight)

function used for fitting: g(x)
fitted parameters initialized with current variable values

iter      chisq       delta/lim  lambda   m             a            
   0 6.7809556361e+00   0.00e+00  1.51e+00    1.000000e+00   1.000000e+00
   8 2.7162077200e-05  -1.23e-05  1.51e-08    3.640530e-01   3.300971e+00

After 8 iterations the fit converged.
final sum of squares of residuals : 2.71621e-05
rel. change during last iteration : -1.23045e-10

degrees of freedom    (FIT_NDF)                        : 3
rms of residuals      (FIT_STDFIT) = sqrt(WSSR/ndf)    : 0.00300899
variance of residuals (reduced chisquare) = WSSR/ndf   : 9.05403e-06

Final set of parameters            Asymptotic Standard Error
=======================            ==========================
m               = 0.364053         +/- 0.0032       (0.8789%)
a               = 3.30097          +/- 0.1111       (3.367%)

correlation matrix of the fit parameters:
                m      a      
m               1.000 
a               0.816  1.000 


*******************************************************************************
Mon May  5 10:18:08 2014


FIT:    data read from 'tmp/dat_536.dat' using 1:2
        format = x:z
        x range restricted to [-0.100000 : 4.10000]
        #datapoints = 5
        residuals are weighted equally (unit weight)

function used for fitting: g(x)
fitted parameters initialized with current variable values

iter      chisq       delta/lim  lambda   m             a            
   0 6.7809556361e+00   0.00e+00  1.51e+00    1.000000e+00   1.000000e+00
   8 2.7162077200e-05  -1.23e-05  1.51e-08    3.640530e-01   3.300971e+00

After 8 iterations the fit converged.
final sum of squares of residuals : 2.71621e-05
rel. change during last iteration : -1.23045e-10

degrees of freedom    (FIT_NDF)                        : 3
rms of residuals      (FIT_STDFIT) = sqrt(WSSR/ndf)    : 0.00300899
variance of residuals (reduced chisquare) = WSSR/ndf   : 9.05403e-06

Final set of parameters            Asymptotic Standard Error
=======================            ==========================
m               = 0.364053         +/- 0.0032       (0.8789%)
a               = 3.30097          +/- 0.1111       (3.367%)

correlation matrix of the fit parameters:
                m      a      
m               1.000 
a               0.816  1.000 


*******************************************************************************
Mon May  5 10:18:35 2014


FIT:    data read from 'tmp/dat_2.dat' using 1:2
        format = x:z
        x range restricted to [-0.100000 : 4.10000]
        #datapoints = 5
        residuals are weighted equally (unit weight)

function used for fitting: g(x)
fitted parameters initialized with current variable values

iter      chisq       delta/lim  lambda   m             a            
   0 6.7809556361e+00   0.00e+00  1.51e+00    1.000000e+00   1.000000e+00
   8 2.7162077200e-05  -1.23e-05  1.51e-08    3.640530e-01   3.300971e+00

After 8 iterations the fit converged.
final sum of squares of residuals : 2.71621e-05
rel. change during last iteration : -1.23045e-10

degrees of freedom    (FIT_NDF)                        : 3
rms of residuals      (FIT_STDFIT) = sqrt(WSSR/ndf)    : 0.00300899
variance of residuals (reduced chisquare) = WSSR/ndf   : 9.05403e-06

Final set of parameters            Asymptotic Standard Error
=======================            ==========================
m               = 0.364053         +/- 0.0032       (0.8789%)
a               = 3.30097          +/- 0.1111       (3.367%)

correlation matrix of the fit parameters:
                m      a      
m               1.000 
a               0.816  1.000 


*******************************************************************************
Mon May  5 10:18:55 2014


FIT:    data read from 'tmp/dat_56.dat' using 1:2
        format = x:z
        x range restricted to [-0.100000 : 4.10000]
        #datapoints = 5
        residuals are weighted equally (unit weight)

function used for fitting: g(x)
fitted parameters initialized with current variable values

iter      chisq       delta/lim  lambda   m             a            
   0 6.7809556361e+00   0.00e+00  1.51e+00    1.000000e+00   1.000000e+00
   8 2.7162077200e-05  -1.23e-05  1.51e-08    3.640530e-01   3.300971e+00

After 8 iterations the fit converged.
final sum of squares of residuals : 2.71621e-05
rel. change during last iteration : -1.23045e-10

degrees of freedom    (FIT_NDF)                        : 3
rms of residuals      (FIT_STDFIT) = sqrt(WSSR/ndf)    : 0.00300899
variance of residuals (reduced chisquare) = WSSR/ndf   : 9.05403e-06

Final set of parameters            Asymptotic Standard Error
=======================            ==========================
m               = 0.364053         +/- 0.0032       (0.8789%)
a               = 3.30097          +/- 0.1111       (3.367%)

correlation matrix of the fit parameters:
                m      a      
m               1.000 
a               0.816  1.000 


*******************************************************************************
Mon May  5 10:19:13 2014


FIT:    data read from 'tmp/dat_892.dat' using 1:2
        format = x:z
        x range restricted to [-0.100000 : 4.10000]
        #datapoints = 5
        residuals are weighted equally (unit weight)

function used for fitting: g(x)
fitted parameters initialized with current variable values

iter      chisq       delta/lim  lambda   m             a            
   0 6.7809556361e+00   0.00e+00  1.51e+00    1.000000e+00   1.000000e+00
   8 2.7162077200e-05  -1.23e-05  1.51e-08    3.640530e-01   3.300971e+00

After 8 iterations the fit converged.
final sum of squares of residuals : 2.71621e-05
rel. change during last iteration : -1.23045e-10

degrees of freedom    (FIT_NDF)                        : 3
rms of residuals      (FIT_STDFIT) = sqrt(WSSR/ndf)    : 0.00300899
variance of residuals (reduced chisquare) = WSSR/ndf   : 9.05403e-06

Final set of parameters            Asymptotic Standard Error
=======================            ==========================
m               = 0.364053         +/- 0.0032       (0.8789%)
a               = 3.30097          +/- 0.1111       (3.367%)

correlation matrix of the fit parameters:
                m      a      
m               1.000 
a               0.816  1.000 


*******************************************************************************
Mon May  5 10:21:42 2014


FIT:    data read from 'tmp/dat_357.dat' using 1:2
        format = x:z
        x range restricted to [-0.100000 : 4.10000]
        #datapoints = 5
        residuals are weighted equally (unit weight)

function used for fitting: g(x)
fitted parameters initialized with current variable values

iter      chisq       delta/lim  lambda   m             a            
   0 6.7809556361e+00   0.00e+00  1.51e+00    1.000000e+00   1.000000e+00
   8 2.7162077200e-05  -1.23e-05  1.51e-08    3.640530e-01   3.300971e+00

After 8 iterations the fit converged.
final sum of squares of residuals : 2.71621e-05
rel. change during last iteration : -1.23045e-10

degrees of freedom    (FIT_NDF)                        : 3
rms of residuals      (FIT_STDFIT) = sqrt(WSSR/ndf)    : 0.00300899
variance of residuals (reduced chisquare) = WSSR/ndf   : 9.05403e-06

Final set of parameters            Asymptotic Standard Error
=======================            ==========================
m               = 0.364053         +/- 0.0032       (0.8789%)
a               = 3.30097          +/- 0.1111       (3.367%)

correlation matrix of the fit parameters:
                m      a      
m               1.000 
a               0.816  1.000 


*******************************************************************************
Mon May  5 10:23:24 2014


FIT:    data read from 'tmp/dat_357.dat' using 1:2
        format = x:z
        x range restricted to [-0.100000 : 4.10000]
        #datapoints = 5
        residuals are weighted equally (unit weight)

function used for fitting: g(x)
fitted parameters initialized with current variable values

iter      chisq       delta/lim  lambda   m             a            
   0 6.7809556361e+00   0.00e+00  1.51e+00    1.000000e+00   1.000000e+00
   8 2.7162077200e-05  -1.23e-05  1.51e-08    3.640530e-01   3.300971e+00

After 8 iterations the fit converged.
final sum of squares of residuals : 2.71621e-05
rel. change during last iteration : -1.23045e-10

degrees of freedom    (FIT_NDF)                        : 3
rms of residuals      (FIT_STDFIT) = sqrt(WSSR/ndf)    : 0.00300899
variance of residuals (reduced chisquare) = WSSR/ndf   : 9.05403e-06

Final set of parameters            Asymptotic Standard Error
=======================            ==========================
m               = 0.364053         +/- 0.0032       (0.8789%)
a               = 3.30097          +/- 0.1111       (3.367%)

correlation matrix of the fit parameters:
                m      a      
m               1.000 
a               0.816  1.000 


*******************************************************************************
Mon May  5 10:23:41 2014


FIT:    data read from 'tmp/dat_357.dat' using 1:2
        format = x:z
        x range restricted to [-0.100000 : 4.10000]
        #datapoints = 5
        residuals are weighted equally (unit weight)

function used for fitting: g(x)
fitted parameters initialized with current variable values

iter      chisq       delta/lim  lambda   m             a            
   0 6.7809556361e+00   0.00e+00  1.51e+00    1.000000e+00   1.000000e+00
   8 2.7162077200e-05  -1.23e-05  1.51e-08    3.640530e-01   3.300971e+00

After 8 iterations the fit converged.
final sum of squares of residuals : 2.71621e-05
rel. change during last iteration : -1.23045e-10

degrees of freedom    (FIT_NDF)                        : 3
rms of residuals      (FIT_STDFIT) = sqrt(WSSR/ndf)    : 0.00300899
variance of residuals (reduced chisquare) = WSSR/ndf   : 9.05403e-06

Final set of parameters            Asymptotic Standard Error
=======================            ==========================
m               = 0.364053         +/- 0.0032       (0.8789%)
a               = 3.30097          +/- 0.1111       (3.367%)

correlation matrix of the fit parameters:
                m      a      
m               1.000 
a               0.816  1.000 


*******************************************************************************
Mon May  5 10:24:49 2014


FIT:    data read from 'tmp/dat_357.dat' using 1:2
        format = x:z
        x range restricted to [-0.100000 : 4.10000]
        #datapoints = 5
        residuals are weighted equally (unit weight)

function used for fitting: g(x)
fitted parameters initialized with current variable values

iter      chisq       delta/lim  lambda   m             a            
   0 6.7809556361e+00   0.00e+00  1.51e+00    1.000000e+00   1.000000e+00
   8 2.7162077200e-05  -1.23e-05  1.51e-08    3.640530e-01   3.300971e+00

After 8 iterations the fit converged.
final sum of squares of residuals : 2.71621e-05
rel. change during last iteration : -1.23045e-10

degrees of freedom    (FIT_NDF)                        : 3
rms of residuals      (FIT_STDFIT) = sqrt(WSSR/ndf)    : 0.00300899
variance of residuals (reduced chisquare) = WSSR/ndf   : 9.05403e-06

Final set of parameters            Asymptotic Standard Error
=======================            ==========================
m               = 0.364053         +/- 0.0032       (0.8789%)
a               = 3.30097          +/- 0.1111       (3.367%)

correlation matrix of the fit parameters:
                m      a      
m               1.000 
a               0.816  1.000 


*******************************************************************************
Mon May  5 10:25:11 2014


FIT:    data read from 'tmp/dat_357.dat' using 1:2
        format = x:z
        x range restricted to [-0.100000 : 4.10000]
        #datapoints = 5
        residuals are weighted equally (unit weight)

function used for fitting: g(x)
fitted parameters initialized with current variable values

iter      chisq       delta/lim  lambda   m             a            
   0 6.7809556361e+00   0.00e+00  1.51e+00    1.000000e+00   1.000000e+00
   8 2.7162077200e-05  -1.23e-05  1.51e-08    3.640530e-01   3.300971e+00

After 8 iterations the fit converged.
final sum of squares of residuals : 2.71621e-05
rel. change during last iteration : -1.23045e-10

degrees of freedom    (FIT_NDF)                        : 3
rms of residuals      (FIT_STDFIT) = sqrt(WSSR/ndf)    : 0.00300899
variance of residuals (reduced chisquare) = WSSR/ndf   : 9.05403e-06

Final set of parameters            Asymptotic Standard Error
=======================            ==========================
m               = 0.364053         +/- 0.0032       (0.8789%)
a               = 3.30097          +/- 0.1111       (3.367%)

correlation matrix of the fit parameters:
                m      a      
m               1.000 
a               0.816  1.000 


*******************************************************************************
Mon May  5 10:25:29 2014


FIT:    data read from 'tmp/dat_357.dat' using 1:2
        format = x:z
        x range restricted to [-0.100000 : 4.10000]
        #datapoints = 5
        residuals are weighted equally (unit weight)

function used for fitting: g(x)
fitted parameters initialized with current variable values

iter      chisq       delta/lim  lambda   m             a            
   0 6.7809556361e+00   0.00e+00  1.51e+00    1.000000e+00   1.000000e+00
   8 2.7162077200e-05  -1.23e-05  1.51e-08    3.640530e-01   3.300971e+00

After 8 iterations the fit converged.
final sum of squares of residuals : 2.71621e-05
rel. change during last iteration : -1.23045e-10

degrees of freedom    (FIT_NDF)                        : 3
rms of residuals      (FIT_STDFIT) = sqrt(WSSR/ndf)    : 0.00300899
variance of residuals (reduced chisquare) = WSSR/ndf   : 9.05403e-06

Final set of parameters            Asymptotic Standard Error
=======================            ==========================
m               = 0.364053         +/- 0.0032       (0.8789%)
a               = 3.30097          +/- 0.1111       (3.367%)

correlation matrix of the fit parameters:
                m      a      
m               1.000 
a               0.816  1.000 


*******************************************************************************
Mon May  5 10:26:21 2014


FIT:    data read from 'tmp/dat_357.dat' using 1:2
        format = x:z
        x range restricted to [-0.100000 : 4.10000]
        #datapoints = 5
        residuals are weighted equally (unit weight)

function used for fitting: g(x)
fitted parameters initialized with current variable values

iter      chisq       delta/lim  lambda   m             a            
   0 6.7809556361e+00   0.00e+00  1.51e+00    1.000000e+00   1.000000e+00
   8 2.7162077200e-05  -1.23e-05  1.51e-08    3.640530e-01   3.300971e+00

After 8 iterations the fit converged.
final sum of squares of residuals : 2.71621e-05
rel. change during last iteration : -1.23045e-10

degrees of freedom    (FIT_NDF)                        : 3
rms of residuals      (FIT_STDFIT) = sqrt(WSSR/ndf)    : 0.00300899
variance of residuals (reduced chisquare) = WSSR/ndf   : 9.05403e-06

Final set of parameters            Asymptotic Standard Error
=======================            ==========================
m               = 0.364053         +/- 0.0032       (0.8789%)
a               = 3.30097          +/- 0.1111       (3.367%)

correlation matrix of the fit parameters:
                m      a      
m               1.000 
a               0.816  1.000 
