

*******************************************************************************
Mon Jul  1 17:20:08 2013


FIT:    data read from 'tmp/dat_674.dat' using 1:2
        format = x:z
        #datapoints = 5
        residuals are weighted equally (unit weight)

function used for fitting: f(x)
fitted parameters initialized with current variable values



 Iteration 0
 WSSR        : 0.0134232         delta(WSSR)/WSSR   : 0
 delta(WSSR) : 0                 limit for stopping : 1e-05
 lambda	  : 0.524909

initial set of free parameter values

m               = 0.1483
z               = 3.45

After 5 iterations the fit converged.
final sum of squares of residuals : 1.83851e-06
rel. change during last iteration : -1.62155e-09

degrees of freedom    (FIT_NDF)                        : 3
rms of residuals      (FIT_STDFIT) = sqrt(WSSR/ndf)    : 0.000782839
variance of residuals (reduced chisquare) = WSSR/ndf   : 6.12837e-07

Final set of parameters            Asymptotic Standard Error
=======================            ==========================

m               = 0.216254         +/- 0.0006451    (0.2983%)
z               = 3.53448          +/- 0.01856      (0.5251%)


correlation matrix of the fit parameters:

               m      z      
m               1.000 
z               0.760  1.000 
