

*******************************************************************************
Mon Jul  1 11:08:50 2013


FIT:    data read from 'tmp/dat_612.dat' using 1:2
        format = x:z
        #datapoints = 5
        residuals are weighted equally (unit weight)

function used for fitting: f(x)
fitted parameters initialized with current variable values



 Iteration 0
 WSSR        : 1.48903e-06       delta(WSSR)/WSSR   : 0
 delta(WSSR) : 0                 limit for stopping : 1e-05
 lambda	  : 0.524909

initial set of free parameter values

m               = 0.1483
z               = 3.45

After 5 iterations the fit converged.
final sum of squares of residuals : 4.55508e-07
rel. change during last iteration : -7.85804e-11

degrees of freedom    (FIT_NDF)                        : 3
rms of residuals      (FIT_STDFIT) = sqrt(WSSR/ndf)    : 0.000389661
variance of residuals (reduced chisquare) = WSSR/ndf   : 1.51836e-07

Final set of parameters            Asymptotic Standard Error
=======================            ==========================

m               = 0.148493         +/- 0.0003347    (0.2254%)
z               = 3.46495          +/- 0.006861     (0.198%)


correlation matrix of the fit parameters:

               m      z      
m               1.000 
z               0.713  1.000 


*******************************************************************************
Mon Jul  1 11:11:14 2013


FIT:    data read from 'tmp/dat_747.dat' using 1:2
        format = x:z
        #datapoints = 5
        residuals are weighted equally (unit weight)

function used for fitting: f(x)
fitted parameters initialized with current variable values



 Iteration 0
 WSSR        : 1.48903e-06       delta(WSSR)/WSSR   : 0
 delta(WSSR) : 0                 limit for stopping : 1e-05
 lambda	  : 0.524909

initial set of free parameter values

m               = 0.1483
z               = 3.45

After 5 iterations the fit converged.
final sum of squares of residuals : 4.55508e-07
rel. change during last iteration : -7.85804e-11

degrees of freedom    (FIT_NDF)                        : 3
rms of residuals      (FIT_STDFIT) = sqrt(WSSR/ndf)    : 0.000389661
variance of residuals (reduced chisquare) = WSSR/ndf   : 1.51836e-07

Final set of parameters            Asymptotic Standard Error
=======================            ==========================

m               = 0.148493         +/- 0.0003347    (0.2254%)
z               = 3.46495          +/- 0.006861     (0.198%)


correlation matrix of the fit parameters:

               m      z      
m               1.000 
z               0.713  1.000 


*******************************************************************************
Mon Jul  1 11:11:42 2013


FIT:    data read from 'tmp/dat_271.dat' using 1:2
        format = x:z
        #datapoints = 5
        residuals are weighted equally (unit weight)

function used for fitting: f(x)
fitted parameters initialized with current variable values



 Iteration 0
 WSSR        : 1.48903e-06       delta(WSSR)/WSSR   : 0
 delta(WSSR) : 0                 limit for stopping : 1e-05
 lambda	  : 0.524909

initial set of free parameter values

m               = 0.1483
z               = 3.45

After 5 iterations the fit converged.
final sum of squares of residuals : 4.55508e-07
rel. change during last iteration : -7.85804e-11

degrees of freedom    (FIT_NDF)                        : 3
rms of residuals      (FIT_STDFIT) = sqrt(WSSR/ndf)    : 0.000389661
variance of residuals (reduced chisquare) = WSSR/ndf   : 1.51836e-07

Final set of parameters            Asymptotic Standard Error
=======================            ==========================

m               = 0.148493         +/- 0.0003347    (0.2254%)
z               = 3.46495          +/- 0.006861     (0.198%)


correlation matrix of the fit parameters:

               m      z      
m               1.000 
z               0.713  1.000 
