

*******************************************************************************
Wed May 14 13:02:09 2014


FIT:    data read from 'tmp/dat_289.dat' using 1:2
        format = x:z
        x range restricted to [-0.100000 : 4.10000]
BREAK:          No data to fit 



*******************************************************************************
Wed May 14 13:02:20 2014


FIT:    data read from 'tmp/dat_633.dat' using 1:2
        format = x:z
        x range restricted to [-0.100000 : 4.10000]
BREAK:          No data to fit 



*******************************************************************************
Wed May 14 13:02:45 2014


FIT:    data read from 'tmp/dat_475.dat' using 1:2
        format = x:z
        x range restricted to [-0.100000 : 4.10000]
        #datapoints = 5
        residuals are weighted equally (unit weight)

function used for fitting: g(x)
fitted parameters initialized with current variable values

iter      chisq       delta/lim  lambda   m             a            
   0 8.1469206434e+00   0.00e+00  1.51e+00    1.000000e+00   1.000000e+00
   8 2.0346782800e-07  -5.51e-04  1.51e-08    1.487774e-01   3.472180e+00

After 8 iterations the fit converged.
final sum of squares of residuals : 2.03468e-07
rel. change during last iteration : -5.5101e-09

degrees of freedom    (FIT_NDF)                        : 3
rms of residuals      (FIT_STDFIT) = sqrt(WSSR/ndf)    : 0.000260428
variance of residuals (reduced chisquare) = WSSR/ndf   : 6.78226e-08

Final set of parameters            Asymptotic Standard Error
=======================            ==========================
m               = 0.148777         +/- 0.0006776    (0.4555%)
a               = 3.47218          +/- 0.01119      (0.3224%)

correlation matrix of the fit parameters:
                m      a      
m               1.000 
a               0.816  1.000 


*******************************************************************************
Wed May 14 17:34:06 2014


FIT:    data read from 'dispn_gnu.dat' using 1:2
        format = x:z
        x range restricted to [-0.100000 : 4.10000]
        #datapoints = 5
        residuals are weighted equally (unit weight)

function used for fitting: g(x)
fitted parameters initialized with current variable values

iter      chisq       delta/lim  lambda   m             a            
   0 8.1469206434e+00   0.00e+00  1.51e+00    1.000000e+00   1.000000e+00
   8 2.0346782800e-07  -5.51e-04  1.51e-08    1.487774e-01   3.472180e+00

After 8 iterations the fit converged.
final sum of squares of residuals : 2.03468e-07
rel. change during last iteration : -5.5101e-09

degrees of freedom    (FIT_NDF)                        : 3
rms of residuals      (FIT_STDFIT) = sqrt(WSSR/ndf)    : 0.000260428
variance of residuals (reduced chisquare) = WSSR/ndf   : 6.78226e-08

Final set of parameters            Asymptotic Standard Error
=======================            ==========================
m               = 0.148777         +/- 0.0006776    (0.4555%)
a               = 3.47218          +/- 0.01119      (0.3224%)

correlation matrix of the fit parameters:
                m      a      
m               1.000 
a               0.816  1.000 


*******************************************************************************
Fri Nov  7 16:55:57 2014


FIT:    data read from 'dispn_gnu.dat' using 1:2
	x range restricted to [-0.100000 : 4.10000]
        #datapoints = 5
        residuals are weighted equally (unit weight)

function used for fitting: g(x)
fitted parameters initialized with current variable values



 Iteration 0
 WSSR        : 8.14693           delta(WSSR)/WSSR   : 0
 delta(WSSR) : 0                 limit for stopping : 1e-05
 lambda	  : 1.51213

initial set of free parameter values

m               = 1
a               = 1

After 8 iterations the fit converged.
final sum of squares of residuals : 2.03616e-07
rel. change during last iteration : -5.51548e-09

degrees of freedom    (FIT_NDF)                        : 3
rms of residuals      (FIT_STDFIT) = sqrt(WSSR/ndf)    : 0.000260522
variance of residuals (reduced chisquare) = WSSR/ndf   : 6.78719e-08

Final set of parameters            Asymptotic Standard Error
=======================            ==========================

m               = 0.14877          +/- 0.0006779    (0.4557%)
a               = 3.47211          +/- 0.0112       (0.3225%)


correlation matrix of the fit parameters:

               m      a      
m               1.000 
a               0.816  1.000 
